========================================================================
SLURM JOB INFORMATION
========================================================================
Job ID: 43697950
Job Name: trend_college
Node: exp-4-49
Start Time: Mon Oct 27 19:27:57 PDT 2025
Working Directory: /home/cwardius/code/aggregate_figures

Testing pandas import...
Pandas version: 1.1.3
Pandas imported successfully

========================================================================
SCRIPT PARAMETERS
========================================================================
Input Data: /home/cwardius/data/1940_full_count.csv
Output Directory: /home/cwardius/output/figures

========================================================================
RUNNING TREND ANALYSIS
========================================================================
Command: python trend_college_attainment.py /home/cwardius/data/1940_full_count.csv /home/cwardius/output/figures

Processing census data for 1940...
Processing chunk 1 (1,000,000 rows)...
Processing chunk 2 (1,000,000 rows)...
Processing chunk 3 (1,000,000 rows)...
Processing chunk 4 (1,000,000 rows)...
Processing chunk 5 (1,000,000 rows)...
Processing chunk 6 (1,000,000 rows)...
Processing chunk 7 (1,000,000 rows)...
Processing chunk 8 (1,000,000 rows)...
Processing chunk 9 (1,000,000 rows)...
Processing chunk 10 (1,000,000 rows)...
Processing chunk 11 (1,000,000 rows)...
Processing chunk 12 (1,000,000 rows)...
Processing chunk 13 (1,000,000 rows)...
Processing chunk 14 (1,000,000 rows)...
Processing chunk 15 (1,000,000 rows)...
Processing chunk 16 (1,000,000 rows)...
Processing chunk 17 (1,000,000 rows)...
Processing chunk 18 (1,000,000 rows)...
Processing chunk 19 (1,000,000 rows)...
Processing chunk 20 (1,000,000 rows)...
Processing chunk 21 (1,000,000 rows)...
Processing chunk 22 (1,000,000 rows)...
Processing chunk 23 (1,000,000 rows)...
Processing chunk 24 (1,000,000 rows)...
Processing chunk 25 (1,000,000 rows)...
Processing chunk 26 (1,000,000 rows)...
Processing chunk 27 (1,000,000 rows)...
Processing chunk 28 (1,000,000 rows)...
Processing chunk 29 (1,000,000 rows)...
Processing chunk 30 (1,000,000 rows)...
Processing chunk 31 (1,000,000 rows)...
Processing chunk 32 (1,000,000 rows)...
Processing chunk 33 (1,000,000 rows)...
Processing chunk 34 (1,000,000 rows)...
Processing chunk 35 (1,000,000 rows)...
Processing chunk 36 (1,000,000 rows)...
Processing chunk 37 (1,000,000 rows)...
Processing chunk 38 (1,000,000 rows)...
Processing chunk 39 (1,000,000 rows)...
Processing chunk 40 (1,000,000 rows)...
Processing chunk 41 (1,000,000 rows)...
Processing chunk 42 (1,000,000 rows)...
Processing chunk 43 (1,000,000 rows)...
Processing chunk 44 (1,000,000 rows)...
Processing chunk 45 (1,000,000 rows)...
Processing chunk 46 (1,000,000 rows)...
Processing chunk 47 (1,000,000 rows)...
Processing chunk 48 (1,000,000 rows)...
Processing chunk 49 (1,000,000 rows)...
Processing chunk 50 (1,000,000 rows)...
Processing chunk 51 (1,000,000 rows)...
Processing chunk 52 (1,000,000 rows)...
Processing chunk 53 (1,000,000 rows)...
Processing chunk 54 (1,000,000 rows)...
Processing chunk 55 (1,000,000 rows)...
Processing chunk 56 (1,000,000 rows)...
Processing chunk 57 (1,000,000 rows)...
Processing chunk 58 (1,000,000 rows)...
Processing chunk 59 (1,000,000 rows)...
Processing chunk 60 (1,000,000 rows)...
Processing chunk 61 (1,000,000 rows)...
Processing chunk 62 (1,000,000 rows)...
Processing chunk 63 (1,000,000 rows)...
Processing chunk 64 (1,000,000 rows)...
Processing chunk 65 (1,000,000 rows)...
Processing chunk 66 (1,000,000 rows)...
Processing chunk 67 (1,000,000 rows)...
Processing chunk 68 (1,000,000 rows)...
Processing chunk 69 (1,000,000 rows)...
Processing chunk 70 (1,000,000 rows)...
Processing chunk 71 (1,000,000 rows)...
Processing chunk 72 (1,000,000 rows)...
Processing chunk 73 (1,000,000 rows)...
Processing chunk 74 (1,000,000 rows)...
Processing chunk 75 (1,000,000 rows)...
Processing chunk 76 (1,000,000 rows)...
Processing chunk 77 (1,000,000 rows)...
Processing chunk 78 (1,000,000 rows)...
Processing chunk 79 (1,000,000 rows)...
Processing chunk 80 (1,000,000 rows)...
Processing chunk 81 (1,000,000 rows)...
Processing chunk 82 (1,000,000 rows)...
Processing chunk 83 (1,000,000 rows)...
Processing chunk 84 (1,000,000 rows)...
Processing chunk 85 (1,000,000 rows)...
Processing chunk 86 (1,000,000 rows)...
Processing chunk 87 (1,000,000 rows)...
Processing chunk 88 (1,000,000 rows)...
Processing chunk 89 (1,000,000 rows)...
Processing chunk 90 (1,000,000 rows)...
Processing chunk 91 (1,000,000 rows)...
Processing chunk 92 (1,000,000 rows)...
Processing chunk 93 (1,000,000 rows)...
Processing chunk 94 (1,000,000 rows)...
Processing chunk 95 (1,000,000 rows)...
Processing chunk 96 (1,000,000 rows)...
Processing chunk 97 (1,000,000 rows)...
Processing chunk 98 (1,000,000 rows)...
Processing chunk 99 (1,000,000 rows)...
Processing chunk 100 (1,000,000 rows)...
Processing chunk 101 (1,000,000 rows)...
Processing chunk 102 (1,000,000 rows)...
Processing chunk 103 (1,000,000 rows)...
Processing chunk 104 (1,000,000 rows)...
Processing chunk 105 (1,000,000 rows)...
Processing chunk 106 (1,000,000 rows)...
Processing chunk 107 (1,000,000 rows)...
Processing chunk 108 (1,000,000 rows)...
Processing chunk 109 (1,000,000 rows)...
Processing chunk 110 (1,000,000 rows)...
Processing chunk 111 (1,000,000 rows)...
Processing chunk 112 (1,000,000 rows)...
Processing chunk 113 (1,000,000 rows)...
Processing chunk 114 (1,000,000 rows)...
Processing chunk 115 (1,000,000 rows)...
Processing chunk 116 (1,000,000 rows)...
Processing chunk 117 (1,000,000 rows)...
Processing chunk 118 (1,000,000 rows)...
Processing chunk 119 (1,000,000 rows)...
Processing chunk 120 (1,000,000 rows)...
Processing chunk 121 (1,000,000 rows)...
Processing chunk 122 (1,000,000 rows)...
Processing chunk 123 (1,000,000 rows)...
Processing chunk 124 (1,000,000 rows)...
Processing chunk 125 (1,000,000 rows)...
Processing chunk 126 (1,000,000 rows)...
Processing chunk 127 (1,000,000 rows)...
Processing chunk 128 (1,000,000 rows)...
Processing chunk 129 (1,000,000 rows)...
Processing chunk 130 (1,000,000 rows)...
Processing chunk 131 (1,000,000 rows)...
Processing chunk 132 (902,398 rows)...

Processed 50 5-year cohort bins by region
Cohort range: 1890 - 1935
Overall college attainment rate: 10.47%
Overall HS attainment rate: 25.97%

By Region:
  Northeast: 11.91% college attainment
  Midwest: 12.77% college attainment
  South: 8.70% college attainment
  West: 7.90% college attainment

Figure saved to: /home/cwardius/output/figures/college_attainment_by_cohort_region.png

========================================================================
JOB COMPLETION
========================================================================
Exit Code: 0
End Time: Mon Oct 27 19:31:32 PDT 2025
SUCCESS: Trend analysis completed successfully
